<?xml version="1.0" encoding="UTF-8"?>
<testsuite xmlns:xsi="http://www.w3.org/2001/XMLSchema-instance" xsi:noNamespaceSchemaLocation="https://maven.apache.org/surefire/maven-surefire-plugin/xsd/surefire-test-report.xsd" name="com.ruijie.service.UserServiceTest" time="1.103" tests="2" errors="1" skipped="0" failures="0">
  <properties>
[...]
</properties>
  <testcase name="saveUser" classname="com.ruijie.service.UserServiceTest" time="1.055">
    <error message="&#10;### Error updating database.  Cause: com.mysql.jdbc.exceptions.jdbc4.MySQLIntegrityConstraintViolationException: Duplicate entry &apos;chf&apos; for key &apos;username&apos;&#10;### The error may exist in com/ruijie/mapper/UserMapper.java (best guess)&#10;### The error may involve com.ruijie.mapper.UserMapper.insertSelective-Inline&#10;### The error occurred while setting parameters&#10;### SQL: INSERT INTO tb_user  ( id,user_name,password,name,age,sex,created ) VALUES( ?,?,?,?,?,?,? )&#10;### Cause: com.mysql.jdbc.exceptions.jdbc4.MySQLIntegrityConstraintViolationException: Duplicate entry &apos;chf&apos; for key &apos;username&apos;&#10;; Duplicate entry &apos;chf&apos; for key &apos;username&apos;; nested exception is com.mysql.jdbc.exceptions.jdbc4.MySQLIntegrityConstraintViolationException: Duplicate entry &apos;chf&apos; for key &apos;username&apos;" type="org.springframework.dao.DuplicateKeyException">org.springframework.dao.DuplicateKeyException: 

### Error updating database.  Cause: com.mysql.jdbc.exceptions.jdbc4.MySQLIntegrityConstraintViolationException: Duplicate entry 'chf' for key 'username'
### The error may exist in com/ruijie/mapper/UserMapper.java (best guess)
### The error may involve com.ruijie.mapper.UserMapper.insertSelective-Inline
### The error occurred while setting parameters
### SQL: INSERT INTO tb_user  ( id,user_name,password,name,age,sex,created ) VALUES( ?,?,?,?,?,?,? )
### Cause: com.mysql.jdbc.exceptions.jdbc4.MySQLIntegrityConstraintViolationException: Duplicate entry 'chf' for key 'username'
; Duplicate entry 'chf' for key 'username'; nested exception is com.mysql.jdbc.exceptions.jdbc4.MySQLIntegrityConstraintViolationException: Duplicate entry 'chf' for key 'username'
	at com.ruijie.service.UserServiceTest.saveUser(UserServiceTest.java:35)
Caused by: com.mysql.jdbc.exceptions.jdbc4.MySQLIntegrityConstraintViolationException: Duplicate entry 'chf' for key 'username'
	at com.ruijie.service.UserServiceTest.saveUser(UserServiceTest.java:35)
</error>
    <system-out><![CDATA[2019-11-24 21:49:43.751  INFO 6572 --- [           main] .b.t.c.SpringBootTestContextBootstrapper : Neither @ContextConfiguration nor @ContextHierarchy found for test class [com.ruijie.service.UserServiceTest], using SpringBootContextLoader
2019-11-24 21:49:43.754  INFO 6572 --- [           main] o.s.t.c.support.AbstractContextLoader    : Could not detect default resource locations for test class [com.ruijie.service.UserServiceTest]: no resource found for suffixes {-context.xml, Context.groovy}.
2019-11-24 21:49:43.754  INFO 6572 --- [           main] t.c.s.AnnotationConfigContextLoaderUtils : Could not detect default configuration classes for test class [com.ruijie.service.UserServiceTest]: UserServiceTest does not declare any static, non-private, non-final, nested classes annotated with @Configuration.
2019-11-24 21:49:43.785  INFO 6572 --- [           main] .b.t.c.SpringBootTestContextBootstrapper : Found @SpringBootConfiguration com.ruijie.Appliaction for test class com.ruijie.service.UserServiceTest
2019-11-24 21:49:43.789  INFO 6572 --- [           main] .b.t.c.SpringBootTestContextBootstrapper : Loaded default TestExecutionListener class names from location [META-INF/spring.factories]: [org.springframework.boot.test.mock.mockito.MockitoTestExecutionListener, org.springframework.boot.test.mock.mockito.ResetMocksTestExecutionListener, org.springframework.boot.test.autoconfigure.restdocs.RestDocsTestExecutionListener, org.springframework.boot.test.autoconfigure.web.client.MockRestServiceServerResetTestExecutionListener, org.springframework.boot.test.autoconfigure.web.servlet.MockMvcPrintOnlyOnFailureTestExecutionListener, org.springframework.boot.test.autoconfigure.web.servlet.WebDriverTestExecutionListener, org.springframework.test.context.web.ServletTestExecutionListener, org.springframework.test.context.support.DirtiesContextBeforeModesTestExecutionListener, org.springframework.test.context.support.DependencyInjectionTestExecutionListener, org.springframework.test.context.support.DirtiesContextTestExecutionListener, org.springframework.test.context.transaction.TransactionalTestExecutionListener, org.springframework.test.context.jdbc.SqlScriptsTestExecutionListener]
2019-11-24 21:49:43.790  INFO 6572 --- [           main] .b.t.c.SpringBootTestContextBootstrapper : Using TestExecutionListeners: [org.springframework.test.context.web.ServletTestExecutionListener@5dbbb292, org.springframework.test.context.support.DirtiesContextBeforeModesTestExecutionListener@613f7eb7, org.springframework.boot.test.mock.mockito.MockitoTestExecutionListener@565aa4ac, org.springframework.boot.test.autoconfigure.SpringBootDependencyInjectionTestExecutionListener@587c5c1, org.springframework.test.context.support.DirtiesContextTestExecutionListener@528c8c1, org.springframework.test.context.transaction.TransactionalTestExecutionListener@1f78d415, org.springframework.test.context.jdbc.SqlScriptsTestExecutionListener@1c046c92, org.springframework.boot.test.mock.mockito.ResetMocksTestExecutionListener@27960b1e, org.springframework.boot.test.autoconfigure.restdocs.RestDocsTestExecutionListener@643ba1ed, org.springframework.boot.test.autoconfigure.web.client.MockRestServiceServerResetTestExecutionListener@3d3a1903, org.springframework.boot.test.autoconfigure.web.servlet.MockMvcPrintOnlyOnFailureTestExecutionListener@26582ca, org.springframework.boot.test.autoconfigure.web.servlet.WebDriverTestExecutionListener@153cb763]
2019-11-24 21:49:43.818  INFO 6572 --- [           main] com.zaxxer.hikari.HikariDataSource       : HikariPool-1 - Starting...
2019-11-24 21:49:44.298  INFO 6572 --- [           main] com.zaxxer.hikari.HikariDataSource       : HikariPool-1 - Start completed.
新增用户。。。
Creating a new SqlSession
Registering transaction synchronization for SqlSession [org.apache.ibatis.session.defaults.DefaultSqlSession@3e28d779]
JDBC Connection [HikariProxyConnection@676060909 wrapping com.mysql.jdbc.JDBC4Connection@58b311ba] will be managed by Spring
==>  Preparing: INSERT INTO tb_user ( id,user_name,password,name,age,sex,created ) VALUES( ?,?,?,?,?,?,? ) 
==> Parameters: null, chf(String), 123456(String), chf(String), 13(Integer), 1(Integer), 2019-11-24 21:49:43.804(Timestamp)
Releasing transactional SqlSession [org.apache.ibatis.session.defaults.DefaultSqlSession@3e28d779]
Transaction synchronization deregistering SqlSession [org.apache.ibatis.session.defaults.DefaultSqlSession@3e28d779]
Transaction synchronization closing SqlSession [org.apache.ibatis.session.defaults.DefaultSqlSession@3e28d779]
]]></system-out>
  </testcase>
  <testcase name="queryById" classname="com.ruijie.service.UserServiceTest" time="0.045"/>
</testsuite>