<?xml version="1.0" encoding="UTF-8"?>
<testsuite xmlns:xsi="http://www.w3.org/2001/XMLSchema-instance" xsi:noNamespaceSchemaLocation="https://maven.apache.org/surefire/maven-surefire-plugin/xsd/surefire-test-report.xsd" name="com.ruijie.redis.RedisTest" time="11.962" tests="1" errors="1" skipped="0" failures="0">
  <properties>
[...]
</properties>
  <testcase name="test" classname="com.ruijie.redis.RedisTest" time="2.518">
    <error message="Unable to connect to Redis; nested exception is io.lettuce.core.RedisConnectionException: Unable to connect to localhost:6379" type="org.springframework.data.redis.RedisConnectionFailureException">org.springframework.data.redis.RedisConnectionFailureException: Unable to connect to Redis; nested exception is io.lettuce.core.RedisConnectionException: Unable to connect to localhost:6379
	at com.ruijie.redis.RedisTest.test(RedisTest.java:24)
Caused by: io.lettuce.core.RedisConnectionException: Unable to connect to localhost:6379
	at com.ruijie.redis.RedisTest.test(RedisTest.java:24)
Caused by: io.netty.channel.AbstractChannel$AnnotatedConnectException: Connection refused: no further information: localhost/127.0.0.1:6379
Caused by: java.net.ConnectException: Connection refused: no further information
</error>
    <system-out><![CDATA[21:49:32.272 [main] DEBUG org.springframework.test.context.junit4.SpringJUnit4ClassRunner - SpringJUnit4ClassRunner constructor called with [class com.ruijie.redis.RedisTest]
21:49:32.280 [main] DEBUG org.springframework.test.context.BootstrapUtils - Instantiating CacheAwareContextLoaderDelegate from class [org.springframework.test.context.cache.DefaultCacheAwareContextLoaderDelegate]
21:49:32.293 [main] DEBUG org.springframework.test.context.BootstrapUtils - Instantiating BootstrapContext using constructor [public org.springframework.test.context.support.DefaultBootstrapContext(java.lang.Class,org.springframework.test.context.CacheAwareContextLoaderDelegate)]
21:49:32.322 [main] DEBUG org.springframework.test.context.BootstrapUtils - Instantiating TestContextBootstrapper for test class [com.ruijie.redis.RedisTest] from class [org.springframework.boot.test.context.SpringBootTestContextBootstrapper]
21:49:32.344 [main] INFO org.springframework.boot.test.context.SpringBootTestContextBootstrapper - Neither @ContextConfiguration nor @ContextHierarchy found for test class [com.ruijie.redis.RedisTest], using SpringBootContextLoader
21:49:32.350 [main] DEBUG org.springframework.test.context.support.AbstractContextLoader - Did not detect default resource location for test class [com.ruijie.redis.RedisTest]: class path resource [com/ruijie/redis/RedisTest-context.xml] does not exist
21:49:32.351 [main] DEBUG org.springframework.test.context.support.AbstractContextLoader - Did not detect default resource location for test class [com.ruijie.redis.RedisTest]: class path resource [com/ruijie/redis/RedisTestContext.groovy] does not exist
21:49:32.352 [main] INFO org.springframework.test.context.support.AbstractContextLoader - Could not detect default resource locations for test class [com.ruijie.redis.RedisTest]: no resource found for suffixes {-context.xml, Context.groovy}.
21:49:32.353 [main] INFO org.springframework.test.context.support.AnnotationConfigContextLoaderUtils - Could not detect default configuration classes for test class [com.ruijie.redis.RedisTest]: RedisTest does not declare any static, non-private, non-final, nested classes annotated with @Configuration.
21:49:32.459 [main] DEBUG org.springframework.test.context.support.ActiveProfilesUtils - Could not find an 'annotation declaring class' for annotation type [org.springframework.test.context.ActiveProfiles] and class [com.ruijie.redis.RedisTest]
21:49:32.658 [main] DEBUG org.springframework.context.annotation.ClassPathScanningCandidateComponentProvider - Identified candidate component class: file [D:\code\chf-springboot\target\classes\com\ruijie\Appliaction.class]
21:49:32.661 [main] INFO org.springframework.boot.test.context.SpringBootTestContextBootstrapper - Found @SpringBootConfiguration com.ruijie.Appliaction for test class com.ruijie.redis.RedisTest
21:49:32.839 [main] DEBUG org.springframework.boot.test.context.SpringBootTestContextBootstrapper - @TestExecutionListeners is not present for class [com.ruijie.redis.RedisTest]: using defaults.
21:49:32.840 [main] INFO org.springframework.boot.test.context.SpringBootTestContextBootstrapper - Loaded default TestExecutionListener class names from location [META-INF/spring.factories]: [org.springframework.boot.test.mock.mockito.MockitoTestExecutionListener, org.springframework.boot.test.mock.mockito.ResetMocksTestExecutionListener, org.springframework.boot.test.autoconfigure.restdocs.RestDocsTestExecutionListener, org.springframework.boot.test.autoconfigure.web.client.MockRestServiceServerResetTestExecutionListener, org.springframework.boot.test.autoconfigure.web.servlet.MockMvcPrintOnlyOnFailureTestExecutionListener, org.springframework.boot.test.autoconfigure.web.servlet.WebDriverTestExecutionListener, org.springframework.test.context.web.ServletTestExecutionListener, org.springframework.test.context.support.DirtiesContextBeforeModesTestExecutionListener, org.springframework.test.context.support.DependencyInjectionTestExecutionListener, org.springframework.test.context.support.DirtiesContextTestExecutionListener, org.springframework.test.context.transaction.TransactionalTestExecutionListener, org.springframework.test.context.jdbc.SqlScriptsTestExecutionListener]
21:49:32.867 [main] INFO org.springframework.boot.test.context.SpringBootTestContextBootstrapper - Using TestExecutionListeners: [org.springframework.test.context.web.ServletTestExecutionListener@6c6cb480, org.springframework.test.context.support.DirtiesContextBeforeModesTestExecutionListener@3c46e67a, org.springframework.boot.test.mock.mockito.MockitoTestExecutionListener@c730b35, org.springframework.boot.test.autoconfigure.SpringBootDependencyInjectionTestExecutionListener@206a70ef, org.springframework.test.context.support.DirtiesContextTestExecutionListener@292b08d6, org.springframework.test.context.transaction.TransactionalTestExecutionListener@22555ebf, org.springframework.test.context.jdbc.SqlScriptsTestExecutionListener@36ebc363, org.springframework.boot.test.mock.mockito.ResetMocksTestExecutionListener@45752059, org.springframework.boot.test.autoconfigure.restdocs.RestDocsTestExecutionListener@34e9fd99, org.springframework.boot.test.autoconfigure.web.client.MockRestServiceServerResetTestExecutionListener@3c41ed1d, org.springframework.boot.test.autoconfigure.web.servlet.MockMvcPrintOnlyOnFailureTestExecutionListener@54d9d12d, org.springframework.boot.test.autoconfigure.web.servlet.WebDriverTestExecutionListener@38425407]
21:49:32.873 [main] DEBUG org.springframework.test.annotation.ProfileValueUtils - Retrieved @ProfileValueSourceConfiguration [null] for test class [com.ruijie.redis.RedisTest]
21:49:32.873 [main] DEBUG org.springframework.test.annotation.ProfileValueUtils - Retrieved ProfileValueSource type [class org.springframework.test.annotation.SystemProfileValueSource] for class [com.ruijie.redis.RedisTest]
21:49:32.875 [main] DEBUG org.springframework.test.annotation.ProfileValueUtils - Retrieved @ProfileValueSourceConfiguration [null] for test class [com.ruijie.redis.RedisTest]
21:49:32.876 [main] DEBUG org.springframework.test.annotation.ProfileValueUtils - Retrieved ProfileValueSource type [class org.springframework.test.annotation.SystemProfileValueSource] for class [com.ruijie.redis.RedisTest]
21:49:32.877 [main] DEBUG org.springframework.test.annotation.ProfileValueUtils - Retrieved @ProfileValueSourceConfiguration [null] for test class [com.ruijie.redis.RedisTest]
21:49:32.878 [main] DEBUG org.springframework.test.annotation.ProfileValueUtils - Retrieved ProfileValueSource type [class org.springframework.test.annotation.SystemProfileValueSource] for class [com.ruijie.redis.RedisTest]
21:49:32.885 [main] DEBUG org.springframework.test.context.support.AbstractDirtiesContextTestExecutionListener - Before test class: context [DefaultTestContext@3eb25e1a testClass = RedisTest, testInstance = [null], testMethod = [null], testException = [null], mergedContextConfiguration = [WebMergedContextConfiguration@477b4cdf testClass = RedisTest, locations = '{}', classes = '{class com.ruijie.Appliaction}', contextInitializerClasses = '[]', activeProfiles = '{}', propertySourceLocations = '{}', propertySourceProperties = '{org.springframework.boot.test.context.SpringBootTestContextBootstrapper=true}', contextCustomizers = set[org.springframework.boot.test.context.filter.ExcludeFilterContextCustomizer@149494d8, org.springframework.boot.test.json.DuplicateJsonObjectContextCustomizerFactory$DuplicateJsonObjectContextCustomizer@481a15ff, org.springframework.boot.test.mock.mockito.MockitoContextCustomizer@0, org.springframework.boot.test.web.client.TestRestTemplateContextCustomizer@5123a213, org.springframework.boot.test.autoconfigure.properties.PropertyMappingContextCustomizer@0, org.springframework.boot.test.autoconfigure.web.servlet.WebDriverContextCustomizerFactory$Customizer@1068e947], resourceBasePath = 'src/main/webapp', contextLoader = 'org.springframework.boot.test.context.SpringBootContextLoader', parent = [null]], attributes = map['org.springframework.test.context.web.ServletTestExecutionListener.activateListener' -> true]], class annotated with @DirtiesContext [false] with mode [null].
21:49:32.887 [main] DEBUG org.springframework.test.annotation.ProfileValueUtils - Retrieved @ProfileValueSourceConfiguration [null] for test class [com.ruijie.redis.RedisTest]
21:49:32.887 [main] DEBUG org.springframework.test.annotation.ProfileValueUtils - Retrieved ProfileValueSource type [class org.springframework.test.annotation.SystemProfileValueSource] for class [com.ruijie.redis.RedisTest]
21:49:32.933 [main] DEBUG org.springframework.test.context.support.TestPropertySourceUtils - Adding inlined properties to environment: {spring.jmx.enabled=false, org.springframework.boot.test.context.SpringBootTestContextBootstrapper=true, server.port=-1}

  .   ____          _            __ _ _
 /\\ / ___'_ __ _ _(_)_ __  __ _ \ \ \ \
( ( )\___ | '_ | '_| | '_ \/ _` | \ \ \ \
 \\/  ___)| |_)| | | | | || (_| |  ) ) ) )
  '  |____| .__|_| |_|_| |_\__, | / / / /
 =========|_|==============|___/=/_/_/_/
 :: Spring Boot ::        (v2.1.5.RELEASE)

2019-11-24 21:49:33.978  INFO 6572 --- [           main] com.ruijie.redis.RedisTest               : Starting RedisTest on RI03144 with PID 6572 (started by chf in D:\code\chf-springboot)
2019-11-24 21:49:33.979 DEBUG 6572 --- [           main] com.ruijie.redis.RedisTest               : Running with Spring Boot v2.1.5.RELEASE, Spring v5.1.7.RELEASE
2019-11-24 21:49:33.980  INFO 6572 --- [           main] com.ruijie.redis.RedisTest               : The following profiles are active: abc,def
2019-11-24 21:49:35.654  WARN 6572 --- [           main] o.m.s.mapper.ClassPathMapperScanner      : No MyBatis mapper was found in '[com.ruijie]' package. Please check your configuration.
2019-11-24 21:49:35.736  INFO 6572 --- [           main] .s.d.r.c.RepositoryConfigurationDelegate : Multiple Spring Data modules found, entering strict repository configuration mode!
2019-11-24 21:49:35.745  INFO 6572 --- [           main] .s.d.r.c.RepositoryConfigurationDelegate : Bootstrapping Spring Data repositories in DEFAULT mode.
2019-11-24 21:49:35.826  INFO 6572 --- [           main] .s.d.r.c.RepositoryConfigurationDelegate : Finished Spring Data repository scanning in 52ms. Found 0 repository interfaces.
2019-11-24 21:49:36.682  INFO 6572 --- [           main] trationDelegate$BeanPostProcessorChecker : Bean 'org.springframework.transaction.annotation.ProxyTransactionManagementConfiguration' of type [org.springframework.transaction.annotation.ProxyTransactionManagementConfiguration$$EnhancerBySpringCGLIB$$bd646f67] is not eligible for getting processed by all BeanPostProcessors (for example: not eligible for auto-proxying)
Logging initialized using 'class org.apache.ibatis.logging.stdout.StdOutImpl' adapter.
Property 'mapperLocations' was not specified.
2019-11-24 21:49:39.288  INFO 6572 --- [           main] o.s.s.concurrent.ThreadPoolTaskExecutor  : Initializing ExecutorService 'applicationTaskExecutor'
2019-11-24 21:49:39.768  INFO 6572 --- [           main] t.m.m.autoconfigure.MapperCacheDisabler  : Clear tk.mybatis.mapper.util.MsUtil CLASS_CACHE cache.
2019-11-24 21:49:39.770  INFO 6572 --- [           main] t.m.m.autoconfigure.MapperCacheDisabler  : Clear tk.mybatis.mapper.genid.GenIdUtil CACHE cache.
2019-11-24 21:49:39.771  INFO 6572 --- [           main] t.m.m.autoconfigure.MapperCacheDisabler  : Clear tk.mybatis.mapper.version.VersionUtil CACHE cache.
2019-11-24 21:49:39.772  INFO 6572 --- [           main] t.m.m.autoconfigure.MapperCacheDisabler  : Clear EntityHelper entityTableMap cache.
Logging initialized using 'class org.apache.ibatis.logging.stdout.StdOutImpl' adapter.
2019-11-24 21:49:41.187  INFO 6572 --- [           main] com.ruijie.redis.RedisTest               : Started RedisTest in 8.241 seconds (JVM running for 10.586)
2019-11-24 21:49:41.906  INFO 6572 --- [           main] io.lettuce.core.EpollProvider            : Starting without optional epoll library
2019-11-24 21:49:41.909  INFO 6572 --- [           main] io.lettuce.core.KqueueProvider           : Starting without optional kqueue library
]]></system-out>
  </testcase>
</testsuite>